2022-02-11 오전 3:34:49 :: Occurance of 'PRO' found at : 27. Needs further verification.
2022-02-11 오전 3:34:49 :: Occurance of 'PRO' found at : 27 is NOT single word. Check for 'processor'.
2022-02-11 오전 3:34:49 :: Occurance of 'PRO' found at : 27 is part of PROCESSOR.Discard and check in remaining string.
2022-02-11 오전 3:34:49 :: Updated processor name : AMD Ryzen 5 2600 Six-Core              
2022-02-11 오전 3:34:49 :: Occurance of 'PRO' NOT found.Proceed with installation.
2022-02-11 오전 3:34:49 :: Installation can CONTINUE. Processor : AMD Ryzen 5 2600 Six-Core               Manufacturer : Micro-Star International Co., Ltd.
2022-02-17 오후 2:55:21 :: Function ProNameComp Started.
2022-02-17 오후 2:55:22 :: Occurance of 'PRO' found at : 26. Needs further verification.
2022-02-17 오후 2:55:22 :: Occurance of 'PRO' found at : 26 is NOT single word. Check for 'processor'.
2022-02-17 오후 2:55:22 :: Occurance of 'PRO' found at : 26 is part of PROCESSOR.Discard and check in remaining string.
2022-02-17 오후 2:55:22 :: Updated processor name : AMD Ryzen 5 5600X 6-Core               
2022-02-17 오후 2:55:22 :: Occurance of 'PRO' NOT found.Proceed with installation.
2022-02-17 오후 2:55:22 :: Installation can CONTINUE. Processor : AMD Ryzen 5 5600X 6-Core                Manufacturer : Micro-Star International Co., Ltd.
2022-02-17 오후 2:55:22 :: Hence disallow installation of AMDDynamicLocalModeService.
2022-02-17 오후 2:55:22 :: Function ProNameComp Ended.
2022-02-17 오후 2:55:23 :: Function TaskSchdlr - Querying
2022-02-17 오후 2:55:23 :: Function TaskSchdlr - Querying
2022-02-17 오후 2:55:23 :: Function TaskSchdlr - Querying
2022-02-17 오후 2:55:23 :: Function TaskSchdlr - Querying
2022-02-17 오후 2:55:23 :: Function TaskSchdlr - Querying
2022-02-17 오후 2:55:23 :: Function TaskSchdlr - Querying
2022-02-17 오후 2:55:23 :: Function TaskSchdlr - Querying
2022-02-17 오후 2:55:23 :: Function TaskSchdlr - Querying
2022-02-17 오후 2:55:23 :: Function TaskSchdlr - Querying
2022-02-17 오후 2:55:23 :: Function TaskSchdlr - Querying
2022-02-17 오후 2:55:23 :: Function TaskSchdlr - Querying
2022-02-17 오후 2:55:23 :: Function TaskSchdlr - Querying
2022-02-17 오후 2:55:23 :: Function TaskSchdlr - Querying
2022-02-17 오후 2:55:23 :: Function TaskSchdlr - Querying
2022-02-17 오후 2:55:23 :: Function TaskSchdlr - Querying
2022-02-17 오후 2:55:23 :: Function TaskSchdlr - Querying
2022-02-17 오후 2:55:23 :: Function TaskSchdlr - Querying
2022-02-17 오후 2:55:23 :: Function TaskSchdlr - Querying
2022-02-17 오후 2:55:23 :: Function TaskSchdlr - Querying
2022-02-17 오후 2:55:23 :: Function TaskSchdlr - Querying
2022-02-17 오후 2:55:23 :: Function TaskSchdlr - Querying
2022-02-17 오후 2:55:23 :: Function TaskSchdlr - Querying
2022-02-17 오후 2:55:23 :: Function TaskSchdlr - TASK NOT FOUND : CREATIN
2022-02-17 오후 2:55:27 :: Function ReadRegistryKey started.
2022-02-17 오후 2:55:27 :: Function ReadRegistryKey KeyValue is  NOEXECUTE=OPTIN  FVEBOOT=2674688  NOVGA
2022-02-17 오후 2:55:27 :: Function ReadRegistryKey Ended.
2022-02-17 오후 2:55:27 :: NUMPROC value from reg read  :  NOEXECUTE=OPTIN  FVEBOOT=2674688  NOVGA
2022-02-17 오후 2:55:27 :: RunBcdedit : LCM is read to be in OFF state.Directly install the update.
2022-02-17 오후 2:55:28 :: PiR_Install value updated : 256
2022-02-17 오후 2:55:28 :: SR_Install value updated : 256
2022-02-17 오후 2:55:28 :: Setup.exe - 5.12 cached as platform is not PCO or PiR.But Mattisse
2022-02-17 오후 2:55:28 :: QML Source: C:\AMD\RyzenMasterExtract\MSIFiles\Qt_Dependancies\..\Qt_Dependancies\Setup.exe
2022-02-17 오후 2:55:28 :: Destination: C:\Program Files\AMD\RyzenMaster\bin\
2022-02-17 오후 2:55:28 :: Function Delete_QTExtraction. Remove RyzenMasterExtract folder completed.
2022-03-24 오후 5:05:35 :: Occurance of 'PRO' found at : 26. Needs further verification.
2022-03-24 오후 5:05:35 :: Occurance of 'PRO' found at : 26 is NOT single word. Check for 'processor'.
2022-03-24 오후 5:05:35 :: Occurance of 'PRO' found at : 26 is part of PROCESSOR.Discard and check in remaining string.
2022-03-24 오후 5:05:35 :: Updated processor name : AMD Ryzen 5 5600X 6-Core               
2022-03-24 오후 5:05:35 :: Occurance of 'PRO' NOT found.Proceed with installation.
2022-03-24 오후 5:05:35 :: Installation can CONTINUE. Processor : AMD Ryzen 5 5600X 6-Core                Manufacturer : Micro-Star International Co., Ltd.
2022-03-24 오후 5:05:35 :: Function RemoveAMDRMService Started.
2022-03-24 오후 5:05:35 :: Function ReadRegistryKey started.
2022-03-24 오후 5:05:36 :: Function ReadRegistryKey KeyValue is \??\C:\Program Files\AMD\RyzenMasterSDK\bin\AMDRyzenMasterDriver.sys
2022-03-24 오후 5:05:36 :: Function ReadRegistryKey Ended.
2022-03-24 오후 5:05:36 :: SDK install path as per environment variable : C:\Program Files\AMD\RyzenMasterSDK\
2022-03-24 오후 5:05:36 :: Path from which service runs as per registry : \??\C:\Program Files\AMD\RyzenMasterSDK\bin\AMDRyzenMasterDriver.sys
2022-03-24 오후 5:05:36 :: Uninstalling driver service as it belongs to current installer being removed.
2022-03-24 오후 5:05:36 :: Function ExecuteFiles strBatchFilePath "C:\Program Files\AMD\RyzenMasterSDK\DriverUtility.bat" -u
2022-03-24 오후 5:05:36 :: Function ExecuteFiles errReturn 0 for file "C:\Program Files\AMD\RyzenMasterSDK\DriverUtility.bat" -u.
2022-03-24 오후 5:05:36 :: Function RemoveAMDRMService. Minor Upgrade property is : 
2022-03-24 오후 5:05:36 :: Function RemoveAMDRMService Ended.
